DEBUG:root:Los gehts!
DEBUG:root:WIRE NUMBER:::: 1 OUT OF 1000
DEBUG:root:PIN::::::[(10, 0, 46), (10, 102, 30), 'FAST_CLOCK', ('pin_out_48', 'pin_in_48'), '1w2s_shield']
DEBUG:root:A-STAR START::::: (10, 0, 46)(10, 102, 30) MAX LAYER::11 MIN LAYER::10
DEBUG:root:TIME TAKEN:::::0.013665914535522461
DEBUG:root:WIRE NUMBER:::: 2 OUT OF 1000
DEBUG:root:PIN::::::[(10, 11, 187), (11, 179, 154), 'FAST_CLOCK', ('pin_out_726', 'pin_in_726'), '1w2s_shield']
DEBUG:root:A-STAR START::::: (10, 11, 187)(11, 179, 154) MAX LAYER::11 MIN LAYER::10
DEBUG:root:TIME TAKEN:::::0.0737462043762207
DEBUG:root:WIRE NUMBER:::: 3 OUT OF 1000
DEBUG:root:PIN::::::[(10, 1, 76), (11, 140, 172), 'FAST_CLOCK', ('pin_out_807', 'pin_in_807'), '1w2s_shield']
DEBUG:root:A-STAR START::::: (10, 1, 76)(11, 140, 172) MAX LAYER::11 MIN LAYER::10
DEBUG:root:TIME TAKEN:::::0.09948897361755371
DEBUG:root:WIRE NUMBER:::: 4 OUT OF 1000
DEBUG:root:PIN::::::[(10, 20, 160), (11, 101, 7), 'FAST_CLOCK', ('pin_out_517', 'pin_in_517'), '1w2s_shield']
DEBUG:root:A-STAR START::::: (10, 20, 160)(11, 101, 7) MAX LAYER::11 MIN LAYER::10
DEBUG:root:TIME TAKEN:::::0.08150911331176758
DEBUG:root:WIRE NUMBER:::: 5 OUT OF 1000
DEBUG:root:PIN::::::[(10, 12, 34), (11, 118, 25), 'FAST_CLOCK', ('pin_out_532', 'pin_in_532'), '1w2s_shield']
DEBUG:root:A-STAR START::::: (10, 12, 34)(11, 118, 25) MAX LAYER::11 MIN LAYER::10
DEBUG:root:TIME TAKEN:::::0.008026838302612305
DEBUG:root:WIRE NUMBER:::: 6 OUT OF 1000
DEBUG:root:PIN::::::[(10, 23, 58), (10, 94, 72), 'FAST_CLOCK', ('pin_out_474', 'pin_in_474'), '1w2s_shield']
DEBUG:root:A-STAR START::::: (10, 23, 58)(10, 94, 72) MAX LAYER::11 MIN LAYER::10
DEBUG:root:TIME TAKEN:::::0.008572816848754883
DEBUG:root:WIRE NUMBER:::: 7 OUT OF 1000
DEBUG:root:PIN::::::[(10, 10, 65), (11, 5, 31), 'FAST_CLOCK', ('pin_out_919', 'pin_in_919'), '1w2s_shield']
DEBUG:root:A-STAR START::::: (10, 10, 65)(11, 5, 31) MAX LAYER::11 MIN LAYER::10
DEBUG:root:TIME TAKEN:::::0.00037670135498046875
DEBUG:root:WIRE NUMBER:::: 8 OUT OF 1000
DEBUG:root:PIN::::::[(10, 23, 87), (10, 124, 69), 'FAST_CLOCK', ('pin_out_367', 'pin_in_367'), '1w2s_shield']
DEBUG:root:A-STAR START::::: (10, 23, 87)(10, 124, 69) MAX LAYER::11 MIN LAYER::10
DEBUG:root:TIME TAKEN:::::0.014245986938476562
DEBUG:root:WIRE NUMBER:::: 9 OUT OF 1000
DEBUG:root:PIN::::::[(10, 60, 47), (10, 96, 118), 'FAST_CLOCK', ('pin_out_309', 'pin_in_309'), '1w2s_shield']
DEBUG:root:A-STAR START::::: (10, 60, 47)(10, 96, 118) MAX LAYER::11 MIN LAYER::10
DEBUG:root:TIME TAKEN:::::0.019637107849121094
DEBUG:root:WIRE NUMBER:::: 10 OUT OF 1000
DEBUG:root:PIN::::::[(10, 27, 70), (10, 17, 190), 'FAST_CLOCK', ('pin_out_338', 'pin_in_338'), '1w2s_shield']
DEBUG:root:A-STAR START::::: (10, 27, 70)(10, 17, 190) MAX LAYER::11 MIN LAYER::10
DEBUG:root:TIME TAKEN:::::0.0016582012176513672
DEBUG:root:WIRE NUMBER:::: 11 OUT OF 1000
DEBUG:root:PIN::::::[(10, 25, 67), (10, 109, 110), 'FAST_CLOCK', ('pin_out_703', 'pin_in_703'), '1w2s_shield']
DEBUG:root:A-STAR START::::: (10, 25, 67)(10, 109, 110) MAX LAYER::11 MIN LAYER::10
DEBUG:root:TIME TAKEN:::::0.0270538330078125
DEBUG:root:WIRE NUMBER:::: 12 OUT OF 1000
DEBUG:root:PIN::::::[(10, 27, 152), (11, 17, 188), 'FAST_CLOCK', ('pin_out_782', 'pin_in_782'), '1w2s_shield']
DEBUG:root:A-STAR START::::: (10, 27, 152)(11, 17, 188) MAX LAYER::11 MIN LAYER::10
DEBUG:root:TIME TAKEN:::::0.0004401206970214844
DEBUG:root:WIRE NUMBER:::: 13 OUT OF 1000
DEBUG:root:PIN::::::[(10, 139, 104), (11, 165, 143), 'FAST_CLOCK', ('pin_out_437', 'pin_in_437'), '1w2s_shield']
DEBUG:root:A-STAR START::::: (10, 139, 104)(11, 165, 143) MAX LAYER::11 MIN LAYER::10
DEBUG:root:TIME TAKEN:::::0.007340908050537109
DEBUG:root:WIRE NUMBER:::: 14 OUT OF 1000
DEBUG:root:PIN::::::[(10, 33, 31), (11, 52, 6), 'FAST_CLOCK', ('pin_out_899', 'pin_in_899'), '1w2s_shield']
DEBUG:root:A-STAR START::::: (10, 33, 31)(11, 52, 6) MAX LAYER::11 MIN LAYER::10
DEBUG:root:TIME TAKEN:::::0.004486083984375
DEBUG:root:WIRE NUMBER:::: 15 OUT OF 1000
DEBUG:root:PIN::::::[(10, 116, 41), (11, 85, 42), 'FAST_CLOCK', ('pin_out_500', 'pin_in_500'), '1w2s_shield']
DEBUG:root:A-STAR START::::: (10, 116, 41)(11, 85, 42) MAX LAYER::11 MIN LAYER::10
DEBUG:root:TIME TAKEN:::::0.00023508071899414062
DEBUG:root:WIRE NUMBER:::: 16 OUT OF 1000
DEBUG:root:PIN::::::[(10, 31, 146), (11, 143, 9), 'FAST_CLOCK', ('pin_out_531', 'pin_in_531'), '1w2s_shield']
DEBUG:root:A-STAR START::::: (10, 31, 146)(11, 143, 9) MAX LAYER::11 MIN LAYER::10
DEBUG:root:TIME TAKEN:::::0.10334300994873047
DEBUG:root:WIRE NUMBER:::: 17 OUT OF 1000
DEBUG:root:PIN::::::[(10, 29, 139), (11, 86, 139), 'FAST_CLOCK', ('pin_out_559', 'pin_in_559'), '1w2s_shield']
DEBUG:root:A-STAR START::::: (10, 29, 139)(11, 86, 139) MAX LAYER::11 MIN LAYER::10
DEBUG:root:TIME TAKEN:::::0.0006830692291259766
DEBUG:root:WIRE NUMBER:::: 18 OUT OF 1000
DEBUG:root:PIN::::::[(10, 92, 53), (10, 94, 73), 'FAST_CLOCK', ('pin_out_607', 'pin_in_607'), '1w2s_shield']
DEBUG:root:A-STAR START::::: (10, 92, 53)(10, 94, 73) MAX LAYER::11 MIN LAYER::10
DEBUG:root:TIME TAKEN:::::0.0006191730499267578
DEBUG:root:WIRE NUMBER:::: 19 OUT OF 1000
DEBUG:root:PIN::::::[(10, 61, 44), (11, 96, 32), 'FAST_CLOCK', ('pin_out_19', 'pin_in_19'), '1w2s_shield']
DEBUG:root:A-STAR START::::: (10, 61, 44)(11, 96, 32) MAX LAYER::11 MIN LAYER::10
DEBUG:root:TIME TAKEN:::::0.0035369396209716797
DEBUG:root:WIRE NUMBER:::: 20 OUT OF 1000
DEBUG:root:PIN::::::[(10, 37, 22), (11, 116, 38), 'FAST_CLOCK', ('pin_out_640', 'pin_in_640'), '1w2s_shield']
DEBUG:root:A-STAR START::::: (10, 37, 22)(11, 116, 38) MAX LAYER::11 MIN LAYER::10
DEBUG:root:TIME TAKEN:::::0.010865211486816406
DEBUG:root:WIRE NUMBER:::: 21 OUT OF 1000
DEBUG:root:PIN::::::[(10, 33, 184), (11, 73, 1), 'FAST_CLOCK', ('pin_out_286', 'pin_in_286'), '1w2s_shield']
DEBUG:root:A-STAR START::::: (10, 33, 184)(11, 73, 1) MAX LAYER::11 MIN LAYER::10
DEBUG:root:TIME TAKEN:::::0.04950666427612305
DEBUG:root:WIRE NUMBER:::: 22 OUT OF 1000
DEBUG:root:PIN::::::[(10, 28, 187), (11, 177, 94), 'FAST_CLOCK', ('pin_out_325', 'pin_in_325'), '1w2s_shield']
DEBUG:root:A-STAR START::::: (10, 28, 187)(11, 177, 94) MAX LAYER::11 MIN LAYER::10
DEBUG:root:TIME TAKEN:::::0.09806084632873535
DEBUG:root:WIRE NUMBER:::: 23 OUT OF 1000
DEBUG:root:PIN::::::[(10, 107, 125), (11, 143, 165), 'FAST_CLOCK', ('pin_out_381', 'pin_in_381'), '1w2s_shield']
DEBUG:root:A-STAR START::::: (10, 107, 125)(11, 143, 165) MAX LAYER::11 MIN LAYER::10
DEBUG:root:TIME TAKEN:::::0.010013818740844727
DEBUG:root:WIRE NUMBER:::: 24 OUT OF 1000
DEBUG:root:PIN::::::[(10, 44, 51), (11, 93, 60), 'FAST_CLOCK', ('pin_out_409', 'pin_in_409'), '1w2s_shield']
DEBUG:root:A-STAR START::::: (10, 44, 51)(11, 93, 60) MAX LAYER::11 MIN LAYER::10
DEBUG:root:TIME TAKEN:::::0.003551006317138672
DEBUG:root:WIRE NUMBER:::: 25 OUT OF 1000
DEBUG:root:PIN::::::[(10, 34, 70), (11, 172, 149), 'FAST_CLOCK', ('pin_out_790', 'pin_in_790'), '1w2s_shield']
DEBUG:root:A-STAR START::::: (10, 34, 70)(11, 172, 149) MAX LAYER::11 MIN LAYER::10
DEBUG:root:TIME TAKEN:::::0.07463312149047852
DEBUG:root:WIRE NUMBER:::: 26 OUT OF 1000
DEBUG:root:PIN::::::[(11, 21, 191), (11, 130, 148), 'FAST_CLOCK', ('pin_out_840', 'pin_in_840'), '1w2s_shield']
DEBUG:root:A-STAR START::::: (11, 21, 191)(11, 130, 148) MAX LAYER::11 MIN LAYER::10
DEBUG:root:TIME TAKEN:::::0.05154705047607422
DEBUG:root:WIRE NUMBER:::: 27 OUT OF 1000
DEBUG:root:PIN::::::[(10, 147, 16), (10, 79, 56), 'FAST_CLOCK', ('pin_out_12', 'pin_in_12'), '1w2s_shield']
DEBUG:root:A-STAR START::::: (10, 147, 16)(10, 79, 56) MAX LAYER::11 MIN LAYER::10
DEBUG:root:TIME TAKEN:::::0.0009329319000244141
DEBUG:root:WIRE NUMBER:::: 28 OUT OF 1000
DEBUG:root:PIN::::::[(10, 35, 157), (11, 117, 64), 'FAST_CLOCK', ('pin_out_36', 'pin_in_36'), '1w2s_shield']
DEBUG:root:A-STAR START::::: (10, 35, 157)(11, 117, 64) MAX LAYER::11 MIN LAYER::10
DEBUG:root:TIME TAKEN:::::0.04987287521362305
DEBUG:root:WIRE NUMBER:::: 29 OUT OF 1000
DEBUG:root:PIN::::::[(10, 52, 45), (11, 49, 39), 'FAST_CLOCK', ('pin_out_930', 'pin_in_930'), '1w2s_shield']
DEBUG:root:A-STAR START::::: (10, 52, 45)(11, 49, 39) MAX LAYER::11 MIN LAYER::10
DEBUG:root:TIME TAKEN:::::6.29425048828125e-05
DEBUG:root:WIRE NUMBER:::: 30 OUT OF 1000
DEBUG:root:PIN::::::[(10, 142, 162), (11, 129, 69), 'FAST_CLOCK', ('pin_out_978', 'pin_in_978'), '1w2s_shield']
DEBUG:root:A-STAR START::::: (10, 142, 162)(11, 129, 69) MAX LAYER::11 MIN LAYER::10
DEBUG:root:TIME TAKEN:::::0.0006520748138427734
DEBUG:root:WIRE NUMBER:::: 31 OUT OF 1000
DEBUG:root:PIN::::::[(10, 140, 17), (10, 140, 191), 'FAST_CLOCK', ('pin_out_252', 'pin_in_252'), '1w2s_shield']
DEBUG:root:A-STAR START::::: (10, 140, 17)(10, 140, 191) MAX LAYER::11 MIN LAYER::10
DEBUG:root:TIME TAKEN:::::0.002357959747314453
DEBUG:root:WIRE NUMBER:::: 32 OUT OF 1000
DEBUG:root:PIN::::::[(11, 2, 23), (11, 109, 101), 'FAST_CLOCK', ('pin_out_264', 'pin_in_264'), '1w2s_shield']
DEBUG:root:A-STAR START::::: (11, 2, 23)(11, 109, 101) MAX LAYER::11 MIN LAYER::10
DEBUG:root:TIME TAKEN:::::0.09108185768127441
DEBUG:root:WIRE NUMBER:::: 33 OUT OF 1000
DEBUG:root:PIN::::::[(10, 34, 112), (11, 28, 138), 'FAST_CLOCK', ('pin_out_289', 'pin_in_289'), '1w2s_shield']
DEBUG:root:A-STAR START::::: (10, 34, 112)(11, 28, 138) MAX LAYER::11 MIN LAYER::10
DEBUG:root:TIME TAKEN:::::0.0002770423889160156
DEBUG:root:WIRE NUMBER:::: 34 OUT OF 1000
DEBUG:root:PIN::::::[(10, 33, 123), (11, 3, 27), 'FAST_CLOCK', ('pin_out_548', 'pin_in_548'), '1w2s_shield']
DEBUG:root:A-STAR START::::: (10, 33, 123)(11, 3, 27) MAX LAYER::11 MIN LAYER::10
DEBUG:root:TIME TAKEN:::::0.0009849071502685547
DEBUG:root:WIRE NUMBER:::: 35 OUT OF 1000
DEBUG:root:PIN::::::[(10, 115, 162), (11, 142, 24), 'FAST_CLOCK', ('pin_out_568', 'pin_in_568'), '1w2s_shield']
DEBUG:root:A-STAR START::::: (10, 115, 162)(11, 142, 24) MAX LAYER::11 MIN LAYER::10
DEBUG:root:TIME TAKEN:::::0.028416156768798828
DEBUG:root:WIRE NUMBER:::: 36 OUT OF 1000
DEBUG:root:PIN::::::[(10, 153, 89), (11, 148, 94), 'FAST_CLOCK', ('pin_out_288', 'pin_in_288'), '1w2s_shield']
DEBUG:root:A-STAR START::::: (10, 153, 89)(11, 148, 94) MAX LAYER::11 MIN LAYER::10
DEBUG:root:TIME TAKEN:::::6.723403930664062e-05
DEBUG:root:WIRE NUMBER:::: 37 OUT OF 1000
DEBUG:root:PIN::::::[(10, 100, 105), (11, 169, 113), 'FAST_CLOCK', ('pin_out_140', 'pin_in_140'), '1w2s_shield']
DEBUG:root:A-STAR START::::: (10, 100, 105)(11, 169, 113) MAX LAYER::11 MIN LAYER::10
DEBUG:root:TIME TAKEN:::::0.006402015686035156
DEBUG:root:WIRE NUMBER:::: 38 OUT OF 1000
DEBUG:root:PIN::::::[(10, 140, 122), (11, 161, 20), 'FAST_CLOCK', ('pin_out_610', 'pin_in_610'), '1w2s_shield']
DEBUG:root:A-STAR START::::: (10, 140, 122)(11, 161, 20) MAX LAYER::11 MIN LAYER::10
DEBUG:root:TIME TAKEN:::::0.015599966049194336
DEBUG:root:WIRE NUMBER:::: 39 OUT OF 1000
DEBUG:root:PIN::::::[(11, 13, 112), (11, 46, 112), 'FAST_CLOCK', ('pin_out_629', 'pin_in_629'), '1w2s_shield']
DEBUG:root:A-STAR START::::: (11, 13, 112)(11, 46, 112) MAX LAYER::11 MIN LAYER::10
DEBUG:root:TIME TAKEN:::::0.0005290508270263672
DEBUG:root:WIRE NUMBER:::: 40 OUT OF 1000
DEBUG:root:PIN::::::[(11, 0, 115), (10, 79, 184), 'FAST_CLOCK', ('pin_out_169', 'pin_in_169'), '1w2s_shield']
DEBUG:root:A-STAR START::::: (11, 0, 115)(10, 79, 184) MAX LAYER::11 MIN LAYER::10
DEBUG:root:TIME TAKEN:::::0.03934597969055176
DEBUG:root:WIRE NUMBER:::: 41 OUT OF 1000
DEBUG:root:PIN::::::[(10, 157, 109), (11, 177, 40), 'FAST_CLOCK', ('pin_out_657', 'pin_in_657'), '1w2s_shield']
DEBUG:root:A-STAR START::::: (10, 157, 109)(11, 177, 40) MAX LAYER::11 MIN LAYER::10
DEBUG:root:TIME TAKEN:::::0.010028839111328125
DEBUG:root:WIRE NUMBER:::: 42 OUT OF 1000
DEBUG:root:PIN::::::[(10, 68, 54), (10, 133, 53), 'FAST_CLOCK', ('pin_out_95', 'pin_in_95'), '1w2s_shield']
DEBUG:root:A-STAR START::::: (10, 68, 54)(10, 133, 53) MAX LAYER::11 MIN LAYER::10
DEBUG:root:TIME TAKEN:::::0.00078582763671875
DEBUG:root:WIRE NUMBER:::: 43 OUT OF 1000
DEBUG:root:PIN::::::[(10, 36, 99), (11, 161, 43), 'FAST_CLOCK', ('pin_out_690', 'pin_in_690'), '1w2s_shield']
DEBUG:root:A-STAR START::::: (10, 36, 99)(11, 161, 43) MAX LAYER::11 MIN LAYER::10
DEBUG:root:TIME TAKEN:::::0.04785895347595215
DEBUG:root:WIRE NUMBER:::: 44 OUT OF 1000
DEBUG:root:PIN::::::[(10, 169, 77), (11, 118, 75), 'FAST_CLOCK', ('pin_out_705', 'pin_in_705'), '1w2s_shield']
DEBUG:root:A-STAR START::::: (10, 169, 77)(11, 118, 75) MAX LAYER::11 MIN LAYER::10
DEBUG:root:TIME TAKEN:::::0.0003521442413330078
DEBUG:root:WIRE NUMBER:::: 45 OUT OF 1000
DEBUG:root:PIN::::::[(10, 112, 66), (10, 182, 133), 'FAST_CLOCK', ('pin_out_86', 'pin_in_86'), '1w2s_shield']
DEBUG:root:A-STAR START::::: (10, 112, 66)(10, 182, 133) MAX LAYER::11 MIN LAYER::10
DEBUG:root:TIME TAKEN:::::0.03383803367614746
DEBUG:root:WIRE NUMBER:::: 46 OUT OF 1000
DEBUG:root:PIN::::::[(10, 173, 183), (11, 112, 124), 'FAST_CLOCK', ('pin_out_746', 'pin_in_746'), '1w2s_shield']
DEBUG:root:A-STAR START::::: (10, 173, 183)(11, 112, 124) MAX LAYER::11 MIN LAYER::10
DEBUG:root:TIME TAKEN:::::0.0007607936859130859
DEBUG:root:WIRE NUMBER:::: 47 OUT OF 1000
DEBUG:root:PIN::::::[(10, 130, 72), (11, 177, 116), 'FAST_CLOCK', ('pin_out_762', 'pin_in_762'), '1w2s_shield']
DEBUG:root:A-STAR START::::: (10, 130, 72)(11, 177, 116) MAX LAYER::11 MIN LAYER::10
DEBUG:root:TIME TAKEN:::::0.01458597183227539
DEBUG:root:WIRE NUMBER:::: 48 OUT OF 1000
DEBUG:root:PIN::::::[(10, 68, 111), (10, 85, 193), 'FAST_CLOCK', ('pin_out_414', 'pin_in_414'), '1w2s_shield']
DEBUG:root:A-STAR START::::: (10, 68, 111)(10, 85, 193) MAX LAYER::11 MIN LAYER::10
DEBUG:root:TIME TAKEN:::::0.010194778442382812
DEBUG:root:WIRE NUMBER:::: 49 OUT OF 1000
DEBUG:root:PIN::::::[(10, 55, 32), (11, 82, 182), 'FAST_CLOCK', ('pin_out_772', 'pin_in_772'), '1w2s_shield']
DEBUG:root:A-STAR START::::: (10, 55, 32)(11, 82, 182) MAX LAYER::11 MIN LAYER::10
DEBUG:root:TIME TAKEN:::::0.0300290584564209
DEBUG:root:WIRE NUMBER:::: 50 OUT OF 1000
DEBUG:root:PIN::::::[(10, 134, 170), (11, 89, 91), 'FAST_CLOCK', ('pin_out_107', 'pin_in_107'), '1w2s_shield']
DEBUG:root:A-STAR START::::: (10, 134, 170)(11, 89, 91) MAX LAYER::11 MIN LAYER::10
DEBUG:root:TIME TAKEN:::::0.0007607936859130859
DEBUG:root:WIRE NUMBER:::: 51 OUT OF 1000
DEBUG:root:PIN::::::[(10, 68, 107), (10, 49, 43), 'FAST_CLOCK', ('pin_out_829', 'pin_in_829'), '1w2s_shield']
DEBUG:root:A-STAR START::::: (10, 68, 107)(10, 49, 43) MAX LAYER::11 MIN LAYER::10
DEBUG:root:TIME TAKEN:::::0.001004934310913086
DEBUG:root:WIRE NUMBER:::: 52 OUT OF 1000
DEBUG:root:PIN::::::[(11, 36, 76), (11, 106, 176), 'FAST_CLOCK', ('pin_out_210', 'pin_in_210'), '1w2s_shield']
DEBUG:root:A-STAR START::::: (11, 36, 76)(11, 106, 176) MAX LAYER::11 MIN LAYER::10
DEBUG:root:TIME TAKEN:::::0.08054184913635254
DEBUG:root:WIRE NUMBER:::: 53 OUT OF 1000
DEBUG:root:PIN::::::[(11, 43, 2), (11, 125, 79), 'FAST_CLOCK', ('pin_out_427', 'pin_in_427'), '1w2s_shield']
DEBUG:root:A-STAR START::::: (11, 43, 2)(11, 125, 79) MAX LAYER::11 MIN LAYER::10
DEBUG:root:TIME TAKEN:::::0.07040691375732422
DEBUG:root:WIRE NUMBER:::: 54 OUT OF 1000
DEBUG:root:PIN::::::[(11, 21, 174), (11, 114, 58), 'FAST_CLOCK', ('pin_out_438', 'pin_in_438'), '1w2s_shield']
DEBUG:root:A-STAR START::::: (11, 21, 174)(11, 114, 58) MAX LAYER::11 MIN LAYER::10
DEBUG:root:TIME TAKEN:::::0.12242794036865234
DEBUG:root:WIRE NUMBER:::: 55 OUT OF 1000
DEBUG:root:PIN::::::[(10, 153, 34), (10, 98, 24), 'FAST_CLOCK', ('pin_out_891', 'pin_in_891'), '1w2s_shield']
DEBUG:root:A-STAR START::::: (10, 153, 34)(10, 98, 24) MAX LAYER::11 MIN LAYER::10
DEBUG:root:TIME TAKEN:::::0.0005991458892822266
DEBUG:root:WIRE NUMBER:::: 56 OUT OF 1000
DEBUG:root:PIN::::::[(10, 114, 78), (10, 33, 94), 'FAST_CLOCK', ('pin_out_909', 'pin_in_909'), '1w2s_shield']
DEBUG:root:A-STAR START::::: (10, 114, 78)(10, 33, 94) MAX LAYER::11 MIN LAYER::10
DEBUG:root:TIME TAKEN:::::0.001127004623413086
DEBUG:root:WIRE NUMBER:::: 57 OUT OF 1000
DEBUG:root:PIN::::::[(10, 44, 166), (11, 118, 2), 'FAST_CLOCK', ('pin_out_451', 'pin_in_451'), '1w2s_shield']
DEBUG:root:A-STAR START::::: (10, 44, 166)(11, 118, 2) MAX LAYER::11 MIN LAYER::10
DEBUG:root:TIME TAKEN:::::0.08475494384765625
DEBUG:root:WIRE NUMBER:::: 58 OUT OF 1000
DEBUG:root:PIN::::::[(10, 88, 184), (10, 21, 1), 'FAST_CLOCK', ('pin_out_939', 'pin_in_939'), '1w2s_shield']
DEBUG:root:A-STAR START::::: (10, 88, 184)(10, 21, 1) MAX LAYER::11 MIN LAYER::10
DEBUG:root:TIME TAKEN:::::0.0032052993774414062
DEBUG:root:WIRE NUMBER:::: 59 OUT OF 1000
DEBUG:root:PIN::::::[(10, 103, 50), (11, 140, 122), 'FAST_CLOCK', ('pin_out_448', 'pin_in_448'), '1w2s_shield']
DEBUG:root:A-STAR START::::: (10, 103, 50)(11, 140, 122) MAX LAYER::11 MIN LAYER::10
DEBUG:root:TIME TAKEN:::::0.019286155700683594
DEBUG:root:WIRE NUMBER:::: 60 OUT OF 1000
DEBUG:root:PIN::::::[(11, 4, 133), (11, 31, 130), 'FAST_CLOCK', ('pin_out_964', 'pin_in_964'), '1w2s_shield']
DEBUG:root:A-STAR START::::: (11, 4, 133)(11, 31, 130) MAX LAYER::11 MIN LAYER::10
DEBUG:root:TIME TAKEN:::::0.0011708736419677734
DEBUG:root:WIRE NUMBER:::: 61 OUT OF 1000
DEBUG:root:PIN::::::[(10, 168, 127), (10, 161, 66), 'FAST_CLOCK', ('pin_out_245', 'pin_in_245'), '1w2s_shield']
DEBUG:root:A-STAR START::::: (10, 168, 127)(10, 161, 66) MAX LAYER::11 MIN LAYER::10
DEBUG:root:TIME TAKEN:::::0.0010769367218017578
DEBUG:root:WIRE NUMBER:::: 62 OUT OF 1000
DEBUG:root:PIN::::::[(10, 158, 15), (11, 41, 22), 'FAST_CLOCK', ('pin_out_232', 'pin_in_232'), '1w2s_shield']
DEBUG:root:A-STAR START::::: (10, 158, 15)(11, 41, 22) MAX LAYER::11 MIN LAYER::10
DEBUG:root:TIME TAKEN:::::0.0009100437164306641
DEBUG:root:WIRE NUMBER:::: 63 OUT OF 1000
DEBUG:root:PIN::::::[(11, 64, 110), (11, 73, 189), 'FAST_CLOCK', ('pin_out_253', 'pin_in_253'), '1w2s_shield']
DEBUG:root:A-STAR START::::: (11, 64, 110)(11, 73, 189) MAX LAYER::11 MIN LAYER::10
DEBUG:root:TIME TAKEN:::::0.009508848190307617
DEBUG:root:WIRE NUMBER:::: 64 OUT OF 1000
DEBUG:root:PIN::::::[(11, 182, 28), (11, 101, 173), 'FAST_CLOCK', ('pin_out_10', 'pin_in_10'), '1w2s_shield']
DEBUG:root:A-STAR START::::: (11, 182, 28)(11, 101, 173) MAX LAYER::11 MIN LAYER::10
DEBUG:root:TIME TAKEN:::::0.08952093124389648
DEBUG:root:WIRE NUMBER:::: 65 OUT OF 1000
DEBUG:root:PIN::::::[(8, 164, 84), (9, 174, 94), 'HIGH_SPEED_DATA', ('pin_out_526', 'pin_in_526'), '1w2s']
DEBUG:root:A-STAR START::::: (8, 164, 84)(9, 174, 94) MAX LAYER::9 MIN LAYER::8
DEBUG:root:TIME TAKEN:::::0.0007312297821044922
DEBUG:root:WIRE NUMBER:::: 66 OUT OF 1000
DEBUG:root:PIN::::::[(10, 74, 63), (10, 82, 119), 'FAST_CLOCK', ('pin_out_149', 'pin_in_149'), '1w2s_shield']
DEBUG:root:A-STAR START::::: (10, 74, 63)(10, 82, 119) MAX LAYER::11 MIN LAYER::10
DEBUG:root:TIME TAKEN:::::0.003877878189086914
DEBUG:root:WIRE NUMBER:::: 67 OUT OF 1000
DEBUG:root:PIN::::::[(11, 36, 162), (10, 28, 187), 'FAST_CLOCK', ('pin_out_543', 'pin_in_543'), '1w2s_shield']
DEBUG:root:A-STAR START::::: (11, 36, 162)(10, 28, 187) MAX LAYER::11 MIN LAYER::10
DEBUG:root:TIME TAKEN:::::0.0018191337585449219
DEBUG:root:WIRE NUMBER:::: 68 OUT OF 1000
DEBUG:root:PIN::::::[(11, 15, 184), (10, 67, 66), 'FAST_CLOCK', ('pin_out_278', 'pin_in_278'), '1w2s_shield']
DEBUG:root:A-STAR START::::: (11, 15, 184)(10, 67, 66) MAX LAYER::11 MIN LAYER::10
DEBUG:root:TIME TAKEN:::::0.04379391670227051
DEBUG:root:WIRE NUMBER:::: 69 OUT OF 1000
DEBUG:root:PIN::::::[(10, 55, 28), (11, 72, 174), 'FAST_CLOCK', ('pin_out_554', 'pin_in_554'), '1w2s_shield']
DEBUG:root:A-STAR START::::: (10, 55, 28)(11, 72, 174) MAX LAYER::11 MIN LAYER::10
DEBUG:root:TIME TAKEN:::::0.017487049102783203
DEBUG:root:WIRE NUMBER:::: 70 OUT OF 1000
DEBUG:root:PIN::::::[(10, 167, 44), (11, 73, 125), 'FAST_CLOCK', ('pin_out_566', 'pin_in_566'), '1w2s_shield']
DEBUG:root:A-STAR START::::: (10, 167, 44)(11, 73, 125) MAX LAYER::11 MIN LAYER::10
DEBUG:root:TIME TAKEN:::::0.00119781494140625
DEBUG:root:WIRE NUMBER:::: 71 OUT OF 1000
DEBUG:root:PIN::::::[(10, 137, 91), (10, 171, 141), 'FAST_CLOCK', ('pin_out_129', 'pin_in_129'), '1w2s_shield']
DEBUG:root:A-STAR START::::: (10, 137, 91)(10, 171, 141) MAX LAYER::11 MIN LAYER::10
DEBUG:root:TIME TAKEN:::::0.01278996467590332
DEBUG:root:WIRE NUMBER:::: 72 OUT OF 1000
DEBUG:root:PIN::::::[(11, 9, 116), (11, 107, 40), 'FAST_CLOCK', ('pin_out_144', 'pin_in_144'), '1w2s_shield']
DEBUG:root:A-STAR START::::: (11, 9, 116)(11, 107, 40) MAX LAYER::11 MIN LAYER::10
DEBUG:root:TIME TAKEN:::::0.08407807350158691
DEBUG:root:WIRE NUMBER:::: 73 OUT OF 1000
DEBUG:root:PIN::::::[(11, 6, 1), (11, 74, 168), 'FAST_CLOCK', ('pin_out_292', 'pin_in_292'), '1w2s_shield']
DEBUG:root:A-STAR START::::: (11, 6, 1)(11, 74, 168) MAX LAYER::11 MIN LAYER::10
DEBUG:root:TIME TAKEN:::::0.1294400691986084
DEBUG:root:WIRE NUMBER:::: 74 OUT OF 1000
DEBUG:root:PIN::::::[(11, 11, 44), (11, 17, 94), 'FAST_CLOCK', ('pin_out_35', 'pin_in_35'), '1w2s_shield']
DEBUG:root:A-STAR START::::: (11, 11, 44)(11, 17, 94) MAX LAYER::11 MIN LAYER::10
DEBUG:root:TIME TAKEN:::::0.004585981369018555
DEBUG:root:WIRE NUMBER:::: 75 OUT OF 1000
DEBUG:root:PIN::::::[(10, 175, 88), (11, 116, 113), 'FAST_CLOCK', ('pin_out_599', 'pin_in_599'), '1w2s_shield']
DEBUG:root:A-STAR START::::: (10, 175, 88)(11, 116, 113) MAX LAYER::11 MIN LAYER::10
DEBUG:root:TIME TAKEN:::::0.0009968280792236328
DEBUG:root:WIRE NUMBER:::: 76 OUT OF 1000
DEBUG:root:PIN::::::[(10, 140, 150), (10, 82, 147), 'FAST_CLOCK', ('pin_out_311', 'pin_in_311'), '1w2s_shield']
DEBUG:root:A-STAR START::::: (10, 140, 150)(10, 82, 147) MAX LAYER::11 MIN LAYER::10
DEBUG:root:TIME TAKEN:::::0.0005581378936767578
DEBUG:root:WIRE NUMBER:::: 77 OUT OF 1000
DEBUG:root:PIN::::::[(10, 158, 122), (10, 0, 177), 'FAST_CLOCK', ('pin_out_304', 'pin_in_304'), '1w2s_shield']
DEBUG:root:A-STAR START::::: (10, 158, 122)(10, 0, 177) MAX LAYER::11 MIN LAYER::10
DEBUG:root:TIME TAKEN:::::0.0029039382934570312
DEBUG:root:WIRE NUMBER:::: 78 OUT OF 1000
DEBUG:root:PIN::::::[(11, 28, 43), (11, 77, 22), 'FAST_CLOCK', ('pin_out_314', 'pin_in_314'), '1w2s_shield']
DEBUG:root:A-STAR START::::: (11, 28, 43)(11, 77, 22) MAX LAYER::11 MIN LAYER::10
DEBUG:root:TIME TAKEN:::::0.014543771743774414
DEBUG:root:WIRE NUMBER:::: 79 OUT OF 1000
DEBUG:root:PIN::::::[(11, 131, 30), (11, 113, 136), 'FAST_CLOCK', ('pin_out_637', 'pin_in_637'), '1w2s_shield']
DEBUG:root:A-STAR START::::: (11, 131, 30)(11, 113, 136) MAX LAYER::11 MIN LAYER::10
DEBUG:root:TIME TAKEN:::::0.01678013801574707
DEBUG:root:WIRE NUMBER:::: 80 OUT OF 1000
DEBUG:root:PIN::::::[(11, 21, 40), (11, 119, 174), 'FAST_CLOCK', ('pin_out_45', 'pin_in_45'), '1w2s_shield']
DEBUG:root:A-STAR START::::: (11, 21, 40)(11, 119, 174) MAX LAYER::11 MIN LAYER::10
DEBUG:root:TIME TAKEN:::::0.1570580005645752
DEBUG:root:WIRE NUMBER:::: 81 OUT OF 1000
DEBUG:root:PIN::::::[(11, 15, 113), (10, 35, 137), 'FAST_CLOCK', ('pin_out_655', 'pin_in_655'), '1w2s_shield']
DEBUG:root:A-STAR START::::: (11, 15, 113)(10, 35, 137) MAX LAYER::11 MIN LAYER::10
DEBUG:root:TIME TAKEN:::::0.004238128662109375
DEBUG:root:WIRE NUMBER:::: 82 OUT OF 1000
DEBUG:root:PIN::::::[(11, 86, 121), (10, 14, 26), 'FAST_CLOCK', ('pin_out_42', 'pin_in_42'), '1w2s_shield']
DEBUG:root:A-STAR START::::: (11, 86, 121)(10, 14, 26) MAX LAYER::11 MIN LAYER::10
DEBUG:root:TIME TAKEN:::::0.050189971923828125
DEBUG:root:WIRE NUMBER:::: 83 OUT OF 1000
DEBUG:root:PIN::::::[(11, 28, 68), (11, 94, 187), 'FAST_CLOCK', ('pin_out_669', 'pin_in_669'), '1w2s_shield']
DEBUG:root:A-STAR START::::: (11, 28, 68)(11, 94, 187) MAX LAYER::11 MIN LAYER::10
DEBUG:root:TIME TAKEN:::::0.09366369247436523
DEBUG:root:WIRE NUMBER:::: 84 OUT OF 1000
DEBUG:root:PIN::::::[(11, 1, 191), (10, 68, 34), 'FAST_CLOCK', ('pin_out_679', 'pin_in_679'), '1w2s_shield']
DEBUG:root:A-STAR START::::: (11, 1, 191)(10, 68, 34) MAX LAYER::11 MIN LAYER::10
DEBUG:root:TIME TAKEN:::::0.08477425575256348
DEBUG:root:WIRE NUMBER:::: 85 OUT OF 1000
DEBUG:root:PIN::::::[(10, 133, 179), (10, 17, 113), 'FAST_CLOCK', ('pin_out_339', 'pin_in_339'), '1w2s_shield']
DEBUG:root:A-STAR START::::: (10, 133, 179)(10, 17, 113) MAX LAYER::11 MIN LAYER::10
DEBUG:root:TIME TAKEN:::::0.0016171932220458984
DEBUG:root:WIRE NUMBER:::: 86 OUT OF 1000
DEBUG:root:PIN::::::[(10, 177, 182), (11, 179, 143), 'FAST_CLOCK', ('pin_out_689', 'pin_in_689'), '1w2s_shield']
DEBUG:root:A-STAR START::::: (10, 177, 182)(11, 179, 143) MAX LAYER::11 MIN LAYER::10
DEBUG:root:TIME TAKEN:::::0.0008900165557861328
DEBUG:root:WIRE NUMBER:::: 87 OUT OF 1000
DEBUG:root:PIN::::::[(10, 55, 120), (10, 78, 186), 'FAST_CLOCK', ('pin_out_682', 'pin_in_682'), '1w2s_shield']
DEBUG:root:A-STAR START::::: (10, 55, 120)(10, 78, 186) MAX LAYER::11 MIN LAYER::10
DEBUG:root:TIME TAKEN:::::0.011275053024291992
DEBUG:root:WIRE NUMBER:::: 88 OUT OF 1000
DEBUG:root:PIN::::::[(11, 10, 89), (10, 132, 37), 'FAST_CLOCK', ('pin_out_708', 'pin_in_708'), '1w2s_shield']
DEBUG:root:A-STAR START::::: (11, 10, 89)(10, 132, 37) MAX LAYER::11 MIN LAYER::10
DEBUG:root:TIME TAKEN:::::0.04655790328979492
DEBUG:root:WIRE NUMBER:::: 89 OUT OF 1000
DEBUG:root:PIN::::::[(11, 87, 114), (11, 7, 0), 'FAST_CLOCK', ('pin_out_358', 'pin_in_358'), '1w2s_shield']
DEBUG:root:A-STAR START::::: (11, 87, 114)(11, 7, 0) MAX LAYER::11 MIN LAYER::10
DEBUG:root:TIME TAKEN:::::0.06691884994506836
DEBUG:root:WIRE NUMBER:::: 90 OUT OF 1000
DEBUG:root:PIN::::::[(11, 50, 173), (11, 92, 130), 'FAST_CLOCK', ('pin_out_352', 'pin_in_352'), '1w2s_shield']
DEBUG:root:A-STAR START::::: (11, 50, 173)(11, 92, 130) MAX LAYER::11 MIN LAYER::10
DEBUG:root:TIME TAKEN:::::0.020602941513061523
DEBUG:root:WIRE NUMBER:::: 91 OUT OF 1000
DEBUG:root:PIN::::::[(11, 108, 141), (11, 41, 192), 'FAST_CLOCK', ('pin_out_364', 'pin_in_364'), '1w2s_shield']
DEBUG:root:A-STAR START::::: (11, 108, 141)(11, 41, 192) MAX LAYER::11 MIN LAYER::10
DEBUG:root:TIME TAKEN:::::0.0260009765625
DEBUG:root:WIRE NUMBER:::: 92 OUT OF 1000
DEBUG:root:PIN::::::[(11, 91, 105), (11, 179, 41), 'FAST_CLOCK', ('pin_out_375', 'pin_in_375'), '1w2s_shield']
DEBUG:root:A-STAR START::::: (11, 91, 105)(11, 179, 41) MAX LAYER::11 MIN LAYER::10
DEBUG:root:TIME TAKEN:::::0.0677790641784668
DEBUG:root:WIRE NUMBER:::: 93 OUT OF 1000
DEBUG:root:PIN::::::[(11, 38, 117), (11, 139, 41), 'FAST_CLOCK', ('pin_out_745', 'pin_in_745'), '1w2s_shield']
DEBUG:root:A-STAR START::::: (11, 38, 117)(11, 139, 41) MAX LAYER::11 MIN LAYER::10
DEBUG:root:TIME TAKEN:::::0.08714771270751953
DEBUG:root:WIRE NUMBER:::: 94 OUT OF 1000
DEBUG:root:PIN::::::[(11, 54, 9), (11, 124, 95), 'FAST_CLOCK', ('pin_out_88', 'pin_in_88'), '1w2s_shield']
DEBUG:root:A-STAR START::::: (11, 54, 9)(11, 124, 95) MAX LAYER::11 MIN LAYER::10
DEBUG:root:TIME TAKEN:::::0.06850290298461914
DEBUG:root:WIRE NUMBER:::: 95 OUT OF 1000
DEBUG:root:PIN::::::[(10, 158, 120), (11, 142, 147), 'FAST_CLOCK', ('pin_out_378', 'pin_in_378'), '1w2s_shield']
DEBUG:root:A-STAR START::::: (10, 158, 120)(11, 142, 147) MAX LAYER::11 MIN LAYER::10
DEBUG:root:TIME TAKEN:::::0.0003769397735595703
DEBUG:root:WIRE NUMBER:::: 96 OUT OF 1000
DEBUG:root:PIN::::::[(10, 162, 86), (11, 75, 122), 'FAST_CLOCK', ('pin_out_390', 'pin_in_390'), '1w2s_shield']
DEBUG:root:A-STAR START::::: (10, 162, 86)(11, 75, 122) MAX LAYER::11 MIN LAYER::10
DEBUG:root:TIME TAKEN:::::0.000823974609375
DEBUG:root:WIRE NUMBER:::: 97 OUT OF 1000
DEBUG:root:PIN::::::[(10, 142, 69), (11, 76, 91), 'FAST_CLOCK', ('pin_out_775', 'pin_in_775'), '1w2s_shield']
DEBUG:root:A-STAR START::::: (10, 142, 69)(11, 76, 91) MAX LAYER::11 MIN LAYER::10
DEBUG:root:TIME TAKEN:::::0.0006411075592041016
DEBUG:root:WIRE NUMBER:::: 98 OUT OF 1000
DEBUG:root:PIN::::::[(10, 178, 111), (10, 166, 111), 'FAST_CLOCK', ('pin_out_787', 'pin_in_787'), '1w2s_shield']
DEBUG:root:A-STAR START::::: (10, 178, 111)(10, 166, 111) MAX LAYER::11 MIN LAYER::10
DEBUG:root:TIME TAKEN:::::7.43865966796875e-05
DEBUG:root:WIRE NUMBER:::: 99 OUT OF 1000
DEBUG:root:PIN::::::[(10, 84, 20), (11, 117, 77), 'FAST_CLOCK', ('pin_out_795', 'pin_in_795'), '1w2s_shield']
DEBUG:root:A-STAR START::::: (10, 84, 20)(11, 117, 77) MAX LAYER::11 MIN LAYER::10
DEBUG:root:TIME TAKEN:::::0.01495814323425293
DEBUG:root:WIRE NUMBER:::: 100 OUT OF 1000
DEBUG:root:PIN::::::[(11, 10, 32), (11, 167, 158), 'FAST_CLOCK', ('pin_out_203', 'pin_in_203'), '1w2s_shield']
DEBUG:root:A-STAR START::::: (11, 10, 32)(11, 167, 158) MAX LAYER::11 MIN LAYER::10
DEBUG:root:TIME TAKEN:::::0.24459624290466309
DEBUG:root:WIRE NUMBER:::: 101 OUT OF 1000
DEBUG:root:PIN::::::[(11, 147, 56), (10, 152, 15), 'FAST_CLOCK', ('pin_out_102', 'pin_in_102'), '1w2s_shield']
DEBUG:root:A-STAR START::::: (11, 147, 56)(10, 152, 15) MAX LAYER::11 MIN LAYER::10
DEBUG:root:TIME TAKEN:::::0.0017459392547607422
DEBUG:root:WIRE NUMBER:::: 102 OUT OF 1000
DEBUG:root:PIN::::::[(10, 148, 75), (10, 152, 120), 'FAST_CLOCK', ('pin_out_25', 'pin_in_25'), '1w2s_shield']
DEBUG:root:A-STAR START::::: (10, 148, 75)(10, 152, 120) MAX LAYER::11 MIN LAYER::10
DEBUG:root:TIME TAKEN:::::0.002232074737548828
DEBUG:root:WIRE NUMBER:::: 103 OUT OF 1000
DEBUG:root:PIN::::::[(10, 82, 120), (11, 106, 12), 'FAST_CLOCK', ('pin_out_823', 'pin_in_823'), '1w2s_shield']
DEBUG:root:A-STAR START::::: (10, 82, 120)(11, 106, 12) MAX LAYER::11 MIN LAYER::10
DEBUG:root:TIME TAKEN:::::0.019752025604248047
DEBUG:root:WIRE NUMBER:::: 104 OUT OF 1000
DEBUG:root:PIN::::::[(8, 23, 9), (8, 60, 116), 'HIGH_SPEED_DATA', ('pin_out_418', 'pin_in_418'), '1w2s']
DEBUG:root:A-STAR START::::: (8, 23, 9)(8, 60, 116) MAX LAYER::9 MIN LAYER::8
DEBUG:root:TIME TAKEN:::::0.028774261474609375
DEBUG:root:WIRE NUMBER:::: 105 OUT OF 1000
DEBUG:root:PIN::::::[(11, 89, 75), (11, 164, 23), 'FAST_CLOCK', ('pin_out_846', 'pin_in_846'), '1w2s_shield']
DEBUG:root:A-STAR START::::: (11, 89, 75)(11, 164, 23) MAX LAYER::11 MIN LAYER::10
DEBUG:root:TIME TAKEN:::::0.044145822525024414
DEBUG:root:WIRE NUMBER:::: 106 OUT OF 1000
DEBUG:root:PIN::::::[(11, 177, 155), (10, 143, 128), 'FAST_CLOCK', ('pin_out_212', 'pin_in_212'), '1w2s_shield']
DEBUG:root:A-STAR START::::: (11, 177, 155)(10, 143, 128) MAX LAYER::11 MIN LAYER::10
DEBUG:root:TIME TAKEN:::::0.006543874740600586
DEBUG:root:WIRE NUMBER:::: 107 OUT OF 1000
DEBUG:root:PIN::::::[(11, 65, 118), (11, 41, 39), 'FAST_CLOCK', ('pin_out_428', 'pin_in_428'), '1w2s_shield']
DEBUG:root:A-STAR START::::: (11, 65, 118)(11, 41, 39) MAX LAYER::11 MIN LAYER::10
DEBUG:root:TIME TAKEN:::::0.015316963195800781
DEBUG:root:WIRE NUMBER:::: 108 OUT OF 1000
DEBUG:root:PIN::::::[(11, 92, 181), (10, 23, 154), 'FAST_CLOCK', ('pin_out_865', 'pin_in_865'), '1w2s_shield']
DEBUG:root:A-STAR START::::: (11, 92, 181)(10, 23, 154) MAX LAYER::11 MIN LAYER::10
DEBUG:root:TIME TAKEN:::::0.014927864074707031
DEBUG:root:WIRE NUMBER:::: 109 OUT OF 1000
DEBUG:root:PIN::::::[(11, 57, 23), (11, 184, 7), 'FAST_CLOCK', ('pin_out_874', 'pin_in_874'), '1w2s_shield']
DEBUG:root:A-STAR START::::: (11, 57, 23)(11, 184, 7) MAX LAYER::11 MIN LAYER::10
DEBUG:root:TIME TAKEN:::::0.025210857391357422
DEBUG:root:WIRE NUMBER:::: 110 OUT OF 1000
DEBUG:root:PIN::::::[(11, 132, 29), (11, 170, 112), 'FAST_CLOCK', ('pin_out_220', 'pin_in_220'), '1w2s_shield']
DEBUG:root:A-STAR START::::: (11, 132, 29)(11, 170, 112) MAX LAYER::11 MIN LAYER::10
DEBUG:root:TIME TAKEN:::::0.037294864654541016
DEBUG:root:WIRE NUMBER:::: 111 OUT OF 1000
DEBUG:root:PIN::::::[(11, 118, 150), (10, 172, 69), 'FAST_CLOCK', ('pin_out_883', 'pin_in_883'), '1w2s_shield']
DEBUG:root:A-STAR START::::: (11, 118, 150)(10, 172, 69) MAX LAYER::11 MIN LAYER::10
DEBUG:root:TIME TAKEN:::::0.030990123748779297
DEBUG:root:WIRE NUMBER:::: 112 OUT OF 1000
DEBUG:root:PIN::::::[(11, 6, 19), (10, 19, 81), 'FAST_CLOCK', ('pin_out_118', 'pin_in_118'), '1w2s_shield']
DEBUG:root:A-STAR START::::: (11, 6, 19)(10, 19, 81) MAX LAYER::11 MIN LAYER::10
DEBUG:root:TIME TAKEN:::::0.0058062076568603516
DEBUG:root:WIRE NUMBER:::: 113 OUT OF 1000
DEBUG:root:PIN::::::[(10, 128, 31), (11, 150, 17), 'FAST_CLOCK', ('pin_out_243', 'pin_in_243'), '1w2s_shield']
DEBUG:root:A-STAR START::::: (10, 128, 31)(11, 150, 17) MAX LAYER::11 MIN LAYER::10
DEBUG:root:TIME TAKEN:::::0.002140045166015625
DEBUG:root:WIRE NUMBER:::: 114 OUT OF 1000
DEBUG:root:PIN::::::[(11, 99, 113), (11, 129, 137), 'FAST_CLOCK', ('pin_out_463', 'pin_in_463'), '1w2s_shield']
DEBUG:root:A-STAR START::::: (11, 99, 113)(11, 129, 137) MAX LAYER::11 MIN LAYER::10
DEBUG:root:TIME TAKEN:::::0.007966995239257812
DEBUG:root:WIRE NUMBER:::: 115 OUT OF 1000
DEBUG:root:PIN::::::[(11, 94, 29), (10, 111, 40), 'FAST_CLOCK', ('pin_out_927', 'pin_in_927'), '1w2s_shield']
DEBUG:root:A-STAR START::::: (11, 94, 29)(10, 111, 40) MAX LAYER::11 MIN LAYER::10
DEBUG:root:TIME TAKEN:::::0.0016510486602783203
DEBUG:root:WIRE NUMBER:::: 116 OUT OF 1000
DEBUG:root:PIN::::::[(11, 6, 112), (11, 73, 100), 'FAST_CLOCK', ('pin_out_231', 'pin_in_231'), '1w2s_shield']
DEBUG:root:A-STAR START::::: (11, 6, 112)(11, 73, 100) MAX LAYER::11 MIN LAYER::10
DEBUG:root:TIME TAKEN:::::0.00940704345703125
DEBUG:root:WIRE NUMBER:::: 117 OUT OF 1000
DEBUG:root:PIN::::::[(10, 102, 17), (11, 30, 134), 'FAST_CLOCK', ('pin_out_477', 'pin_in_477'), '1w2s_shield']
DEBUG:root:A-STAR START::::: (10, 102, 17)(11, 30, 134) MAX LAYER::11 MIN LAYER::10
DEBUG:root:TIME TAKEN:::::0.0011341571807861328
DEBUG:root:WIRE NUMBER:::: 118 OUT OF 1000
DEBUG:root:PIN::::::[(11, 45, 105), (11, 35, 72), 'FAST_CLOCK', ('pin_out_944', 'pin_in_944'), '1w2s_shield']
DEBUG:root:A-STAR START::::: (11, 45, 105)(11, 35, 72) MAX LAYER::11 MIN LAYER::10
DEBUG:root:TIME TAKEN:::::0.002665996551513672
DEBUG:root:WIRE NUMBER:::: 119 OUT OF 1000
DEBUG:root:PIN::::::[(10, 154, 118), (11, 17, 102), 'FAST_CLOCK', ('pin_out_470', 'pin_in_470'), '1w2s_shield']
DEBUG:root:A-STAR START::::: (10, 154, 118)(11, 17, 102) MAX LAYER::11 MIN LAYER::10
DEBUG:root:TIME TAKEN:::::0.0020380020141601562
DEBUG:root:WIRE NUMBER:::: 120 OUT OF 1000
DEBUG:root:PIN::::::[(11, 20, 141), (11, 134, 62), 'FAST_CLOCK', ('pin_out_965', 'pin_in_965'), '1w2s_shield']
DEBUG:root:A-STAR START::::: (11, 20, 141)(11, 134, 62) MAX LAYER::11 MIN LAYER::10
