DEBUG:root:Los gehts!
DEBUG:root:WIRE NUMBER:::: 1 OUT OF 100
DEBUG:root:PIN::::::[(8, 133, 49), (8, 0, 63), 'DATA', ('pin_out_1', 'pin_in_1'), 'default']
DEBUG:root:A-STAR START::::: (8, 133, 49)(8, 0, 63) MAX LAYER::8 MIN LAYER::6
DEBUG:root:TIME TAKEN:::::0.017422914505004883
DEBUG:root:WIRE NUMBER:::: 2 OUT OF 100
DEBUG:root:PIN::::::[(9, 0, 62), (9, 133, 42), 'HIGH_SPEED_DATA', ('pin_out_2', 'pin_in_2'), 'default']
DEBUG:root:A-STAR START::::: (9, 0, 62)(9, 133, 42) MAX LAYER::9 MIN LAYER::8
DEBUG:root:TIME TAKEN:::::0.04517674446105957
DEBUG:root:WIRE NUMBER:::: 3 OUT OF 100
DEBUG:root:PIN::::::[(10, 133, 42), (10, 133, 42), 'FAST_CLOCK', ('pin_out_3', 'pin_in_3'), 'default']
DEBUG:root:A-STAR START::::: (10, 133, 42)(10, 133, 42) MAX LAYER::11 MIN LAYER::10
DEBUG:root:TIME TAKEN:::::0.0
DEBUG:root:WIRE NUMBER:::: 4 OUT OF 100
DEBUG:root:PIN::::::[(8, 58, 14), (9, 62, 183), 'CLOCK', ('pin_out_4', 'pin_in_4'), 'default']
DEBUG:root:A-STAR START::::: (8, 58, 14)(9, 62, 183) MAX LAYER::9 MIN LAYER::7
DEBUG:root:TIME TAKEN:::::0.0
DEBUG:root:WIRE NUMBER:::: 5 OUT OF 100
DEBUG:root:PIN::::::[(9, 3, 57), (9, 151, 184), 'CLOCK', ('pin_out_5', 'pin_in_5'), 'default']
DEBUG:root:A-STAR START::::: (9, 3, 57)(9, 151, 184) MAX LAYER::9 MIN LAYER::7
DEBUG:root:TIME TAKEN:::::0.3401801586151123
DEBUG:root:WIRE NUMBER:::: 6 OUT OF 100
DEBUG:root:PIN::::::[(11, 51, 72), (11, 119, 40), 'FAST_CLOCK', ('pin_out_6', 'pin_in_6'), '1w2s_shield']
DEBUG:root:A-STAR START::::: (11, 51, 72)(11, 119, 40) MAX LAYER::11 MIN LAYER::10
DEBUG:root:TIME TAKEN:::::0.02190685272216797
DEBUG:root:WIRE NUMBER:::: 7 OUT OF 100
DEBUG:root:PIN::::::[(11, 154, 67), (11, 17, 46), 'FAST_CLOCK', ('pin_out_7', 'pin_in_7'), '1w2s_shield']
DEBUG:root:A-STAR START::::: (11, 154, 67)(11, 17, 46) MAX LAYER::11 MIN LAYER::10
DEBUG:root:TIME TAKEN:::::0.06322383880615234
DEBUG:root:WIRE NUMBER:::: 8 OUT OF 100
DEBUG:root:PIN::::::[(8, 51, 125), (9, 64, 89), 'HIGH_SPEED_DATA', ('pin_out_8', 'pin_in_8'), '1w2s']
DEBUG:root:A-STAR START::::: (8, 51, 125)(9, 64, 89) MAX LAYER::9 MIN LAYER::8
DEBUG:root:TIME TAKEN:::::0.002607583999633789
DEBUG:root:WIRE NUMBER:::: 9 OUT OF 100
DEBUG:root:PIN::::::[(6, 3, 114), (7, 144, 59), 'DATA', ('pin_out_9', 'pin_in_9'), 'default']
DEBUG:root:A-STAR START::::: (6, 3, 114)(7, 144, 59) MAX LAYER::8 MIN LAYER::6
DEBUG:root:TIME TAKEN:::::0.10889315605163574
DEBUG:root:WIRE NUMBER:::: 10 OUT OF 100
DEBUG:root:PIN::::::[(11, 182, 28), (11, 101, 173), 'FAST_CLOCK', ('pin_out_10', 'pin_in_10'), '1w2s_shield']
DEBUG:root:A-STAR START::::: (11, 182, 28)(11, 101, 173) MAX LAYER::11 MIN LAYER::10
DEBUG:root:TIME TAKEN:::::0.17835378646850586
DEBUG:root:WIRE NUMBER:::: 11 OUT OF 100
DEBUG:root:PIN::::::[(8, 114, 178), (6, 2, 140), 'DATA', ('pin_out_11', 'pin_in_11'), 'default']
DEBUG:root:A-STAR START::::: (8, 114, 178)(6, 2, 140) MAX LAYER::8 MIN LAYER::6
DEBUG:root:TIME TAKEN:::::0.03606414794921875
DEBUG:root:WIRE NUMBER:::: 12 OUT OF 100
DEBUG:root:PIN::::::[(10, 147, 16), (10, 79, 56), 'FAST_CLOCK', ('pin_out_12', 'pin_in_12'), '1w2s_shield']
DEBUG:root:A-STAR START::::: (10, 147, 16)(10, 79, 56) MAX LAYER::11 MIN LAYER::10
DEBUG:root:TIME TAKEN:::::0.001043081283569336
DEBUG:root:WIRE NUMBER:::: 13 OUT OF 100
DEBUG:root:PIN::::::[(8, 102, 139), (6, 68, 23), 'DATA', ('pin_out_13', 'pin_in_13'), 'default']
DEBUG:root:A-STAR START::::: (8, 102, 139)(6, 68, 23) MAX LAYER::8 MIN LAYER::6
DEBUG:root:TIME TAKEN:::::0.07593154907226562
DEBUG:root:WIRE NUMBER:::: 14 OUT OF 100
DEBUG:root:PIN::::::[(8, 169, 10), (8, 70, 176), 'HIGH_SPEED_DATA', ('pin_out_14', 'pin_in_14'), '1w2s']
DEBUG:root:A-STAR START::::: (8, 169, 10)(8, 70, 176) MAX LAYER::9 MIN LAYER::8
DEBUG:root:TIME TAKEN:::::0.012717247009277344
DEBUG:root:WIRE NUMBER:::: 15 OUT OF 100
DEBUG:root:PIN::::::[(8, 155, 0), (7, 130, 155), 'DATA', ('pin_out_15', 'pin_in_15'), 'default']
DEBUG:root:A-STAR START::::: (8, 155, 0)(7, 130, 155) MAX LAYER::8 MIN LAYER::6
DEBUG:root:TIME TAKEN:::::0.10272502899169922
DEBUG:root:WIRE NUMBER:::: 16 OUT OF 100
DEBUG:root:PIN::::::[(9, 84, 73), (9, 60, 193), 'CLOCK', ('pin_out_16', 'pin_in_16'), 'default']
DEBUG:root:A-STAR START::::: (9, 84, 73)(9, 60, 193) MAX LAYER::9 MIN LAYER::7
DEBUG:root:TIME TAKEN:::::0.042000770568847656
DEBUG:root:WIRE NUMBER:::: 17 OUT OF 100
DEBUG:root:PIN::::::[(7, 57, 95), (9, 0, 57), 'CLOCK', ('pin_out_17', 'pin_in_17'), 'default']
DEBUG:root:A-STAR START::::: (7, 57, 95)(9, 0, 57) MAX LAYER::9 MIN LAYER::7
DEBUG:root:TIME TAKEN:::::0.04368233680725098
DEBUG:root:WIRE NUMBER:::: 18 OUT OF 100
DEBUG:root:PIN::::::[(9, 109, 95), (9, 69, 41), 'HIGH_SPEED_DATA', ('pin_out_18', 'pin_in_18'), '1w2s']
DEBUG:root:A-STAR START::::: (9, 109, 95)(9, 69, 41) MAX LAYER::9 MIN LAYER::8
DEBUG:root:TIME TAKEN:::::0.059291839599609375
DEBUG:root:WIRE NUMBER:::: 19 OUT OF 100
DEBUG:root:PIN::::::[(10, 61, 44), (11, 96, 32), 'FAST_CLOCK', ('pin_out_19', 'pin_in_19'), '1w2s_shield']
DEBUG:root:A-STAR START::::: (10, 61, 44)(11, 96, 32) MAX LAYER::11 MIN LAYER::10
DEBUG:root:TIME TAKEN:::::0.002426624298095703
DEBUG:root:WIRE NUMBER:::: 20 OUT OF 100
DEBUG:root:PIN::::::[(9, 157, 89), (9, 144, 71), 'CLOCK', ('pin_out_20', 'pin_in_20'), 'default']
DEBUG:root:A-STAR START::::: (9, 157, 89)(9, 144, 71) MAX LAYER::9 MIN LAYER::7
DEBUG:root:TIME TAKEN:::::0.007703542709350586
DEBUG:root:WIRE NUMBER:::: 21 OUT OF 100
DEBUG:root:PIN::::::[(7, 127, 73), (9, 176, 117), 'CLOCK', ('pin_out_21', 'pin_in_21'), 'default']
DEBUG:root:A-STAR START::::: (7, 127, 73)(9, 176, 117) MAX LAYER::9 MIN LAYER::7
DEBUG:root:TIME TAKEN:::::0.03646659851074219
DEBUG:root:WIRE NUMBER:::: 22 OUT OF 100
DEBUG:root:PIN::::::[(8, 37, 164), (9, 141, 175), 'CLOCK', ('pin_out_22', 'pin_in_22'), 'default']
DEBUG:root:A-STAR START::::: (8, 37, 164)(9, 141, 175) MAX LAYER::9 MIN LAYER::7
DEBUG:root:TIME TAKEN:::::0.007077217102050781
DEBUG:root:WIRE NUMBER:::: 23 OUT OF 100
DEBUG:root:PIN::::::[(8, 13, 107), (7, 23, 16), 'DATA', ('pin_out_23', 'pin_in_23'), 'default']
DEBUG:root:A-STAR START::::: (8, 13, 107)(7, 23, 16) MAX LAYER::8 MIN LAYER::6
DEBUG:root:TIME TAKEN:::::0.04148435592651367
DEBUG:root:WIRE NUMBER:::: 24 OUT OF 100
DEBUG:root:PIN::::::[(9, 81, 61), (8, 174, 171), 'CLOCK', ('pin_out_24', 'pin_in_24'), 'default']
DEBUG:root:A-STAR START::::: (9, 81, 61)(8, 174, 171) MAX LAYER::9 MIN LAYER::7
DEBUG:root:TIME TAKEN:::::0.18859124183654785
DEBUG:root:WIRE NUMBER:::: 25 OUT OF 100
DEBUG:root:PIN::::::[(10, 148, 75), (10, 152, 120), 'FAST_CLOCK', ('pin_out_25', 'pin_in_25'), '1w2s_shield']
DEBUG:root:A-STAR START::::: (10, 148, 75)(10, 152, 120) MAX LAYER::11 MIN LAYER::10
DEBUG:root:TIME TAKEN:::::0.0017344951629638672
DEBUG:root:WIRE NUMBER:::: 26 OUT OF 100
DEBUG:root:PIN::::::[(8, 75, 59), (8, 103, 168), 'HIGH_SPEED_DATA', ('pin_out_26', 'pin_in_26'), '1w2s']
DEBUG:root:A-STAR START::::: (8, 75, 59)(8, 103, 168) MAX LAYER::9 MIN LAYER::8
DEBUG:root:TIME TAKEN:::::0.022485733032226562
DEBUG:root:WIRE NUMBER:::: 27 OUT OF 100
DEBUG:root:PIN::::::[(8, 174, 0), (9, 107, 93), 'CLOCK', ('pin_out_27', 'pin_in_27'), 'default']
DEBUG:root:A-STAR START::::: (8, 174, 0)(9, 107, 93) MAX LAYER::9 MIN LAYER::7
DEBUG:root:TIME TAKEN:::::0.004098415374755859
DEBUG:root:WIRE NUMBER:::: 28 OUT OF 100
DEBUG:root:PIN::::::[(7, 126, 71), (9, 12, 56), 'CLOCK', ('pin_out_28', 'pin_in_28'), 'default']
DEBUG:root:A-STAR START::::: (7, 126, 71)(9, 12, 56) MAX LAYER::9 MIN LAYER::7
DEBUG:root:TIME TAKEN:::::0.06286120414733887
DEBUG:root:WIRE NUMBER:::: 29 OUT OF 100
DEBUG:root:PIN::::::[(9, 128, 189), (8, 106, 1), 'HIGH_SPEED_DATA', ('pin_out_29', 'pin_in_29'), '1w2s']
DEBUG:root:A-STAR START::::: (9, 128, 189)(8, 106, 1) MAX LAYER::9 MIN LAYER::8
DEBUG:root:TIME TAKEN:::::0.03362894058227539
DEBUG:root:WIRE NUMBER:::: 30 OUT OF 100
DEBUG:root:PIN::::::[(9, 79, 85), (7, 176, 94), 'CLOCK', ('pin_out_30', 'pin_in_30'), 'default']
DEBUG:root:A-STAR START::::: (9, 79, 85)(7, 176, 94) MAX LAYER::9 MIN LAYER::7
DEBUG:root:TIME TAKEN:::::0.006536960601806641
DEBUG:root:WIRE NUMBER:::: 31 OUT OF 100
DEBUG:root:PIN::::::[(11, 124, 18), (11, 111, 15), 'FAST_CLOCK', ('pin_out_31', 'pin_in_31'), '1w2s_shield']
DEBUG:root:A-STAR START::::: (11, 124, 18)(11, 111, 15) MAX LAYER::11 MIN LAYER::10
DEBUG:root:TIME TAKEN:::::0.0
DEBUG:root:WIRE NUMBER:::: 32 OUT OF 100
DEBUG:root:PIN::::::[(8, 102, 113), (8, 120, 106), 'DATA', ('pin_out_32', 'pin_in_32'), 'default']
DEBUG:root:A-STAR START::::: (8, 102, 113)(8, 120, 106) MAX LAYER::8 MIN LAYER::6
DEBUG:root:TIME TAKEN:::::0.0009908676147460938
DEBUG:root:WIRE NUMBER:::: 33 OUT OF 100
DEBUG:root:PIN::::::[(8, 35, 55), (8, 183, 132), 'CLOCK', ('pin_out_33', 'pin_in_33'), 'default']
DEBUG:root:A-STAR START::::: (8, 35, 55)(8, 183, 132) MAX LAYER::9 MIN LAYER::7
DEBUG:root:TIME TAKEN:::::0.14942574501037598
DEBUG:root:WIRE NUMBER:::: 34 OUT OF 100
DEBUG:root:PIN::::::[(7, 47, 31), (6, 20, 12), 'DATA', ('pin_out_34', 'pin_in_34'), 'default']
DEBUG:root:A-STAR START::::: (7, 47, 31)(6, 20, 12) MAX LAYER::8 MIN LAYER::6
DEBUG:root:TIME TAKEN:::::0.0035355091094970703
DEBUG:root:WIRE NUMBER:::: 35 OUT OF 100
DEBUG:root:PIN::::::[(11, 11, 44), (11, 17, 94), 'FAST_CLOCK', ('pin_out_35', 'pin_in_35'), '1w2s_shield']
DEBUG:root:A-STAR START::::: (11, 11, 44)(11, 17, 94) MAX LAYER::11 MIN LAYER::10
DEBUG:root:TIME TAKEN:::::0.003998517990112305
DEBUG:root:WIRE NUMBER:::: 36 OUT OF 100
DEBUG:root:PIN::::::[(10, 35, 157), (11, 117, 64), 'FAST_CLOCK', ('pin_out_36', 'pin_in_36'), '1w2s_shield']
DEBUG:root:A-STAR START::::: (10, 35, 157)(11, 117, 64) MAX LAYER::11 MIN LAYER::10
DEBUG:root:TIME TAKEN:::::0.046567678451538086
DEBUG:root:WIRE NUMBER:::: 37 OUT OF 100
DEBUG:root:PIN::::::[(8, 88, 38), (6, 143, 66), 'DATA', ('pin_out_37', 'pin_in_37'), 'default']
DEBUG:root:A-STAR START::::: (8, 88, 38)(6, 143, 66) MAX LAYER::8 MIN LAYER::6
DEBUG:root:TIME TAKEN:::::0.00906062126159668
DEBUG:root:WIRE NUMBER:::: 38 OUT OF 100
DEBUG:root:PIN::::::[(8, 56, 10), (7, 102, 72), 'DATA', ('pin_out_38', 'pin_in_38'), 'default']
DEBUG:root:A-STAR START::::: (8, 56, 10)(7, 102, 72) MAX LAYER::8 MIN LAYER::6
DEBUG:root:TIME TAKEN:::::0.029005050659179688
DEBUG:root:WIRE NUMBER:::: 39 OUT OF 100
DEBUG:root:PIN::::::[(11, 26, 37), (11, 111, 50), 'FAST_CLOCK', ('pin_out_39', 'pin_in_39'), '1w2s_shield']
DEBUG:root:A-STAR START::::: (11, 26, 37)(11, 111, 50) MAX LAYER::11 MIN LAYER::10
DEBUG:root:TIME TAKEN:::::0.01823902130126953
DEBUG:root:WIRE NUMBER:::: 40 OUT OF 100
DEBUG:root:PIN::::::[(11, 61, 125), (11, 86, 195), 'FAST_CLOCK', ('pin_out_40', 'pin_in_40'), '1w2s_shield']
DEBUG:root:A-STAR START::::: (11, 61, 125)(11, 86, 195) MAX LAYER::11 MIN LAYER::10
DEBUG:root:TIME TAKEN:::::0.06411433219909668
DEBUG:root:WIRE NUMBER:::: 41 OUT OF 100
DEBUG:root:PIN::::::[(8, 100, 37), (9, 173, 17), 'HIGH_SPEED_DATA', ('pin_out_41', 'pin_in_41'), '1w2s']
DEBUG:root:A-STAR START::::: (8, 100, 37)(9, 173, 17) MAX LAYER::9 MIN LAYER::8
DEBUG:root:TIME TAKEN:::::0.015714168548583984
DEBUG:root:WIRE NUMBER:::: 42 OUT OF 100
DEBUG:root:PIN::::::[(11, 86, 121), (10, 14, 26), 'FAST_CLOCK', ('pin_out_42', 'pin_in_42'), '1w2s_shield']
DEBUG:root:A-STAR START::::: (11, 86, 121)(10, 14, 26) MAX LAYER::11 MIN LAYER::10
DEBUG:root:TIME TAKEN:::::0.12772226333618164
DEBUG:root:WIRE NUMBER:::: 43 OUT OF 100
DEBUG:root:PIN::::::[(8, 133, 100), (8, 23, 90), 'HIGH_SPEED_DATA', ('pin_out_43', 'pin_in_43'), '1w2s']
DEBUG:root:A-STAR START::::: (8, 133, 100)(8, 23, 90) MAX LAYER::9 MIN LAYER::8
DEBUG:root:TIME TAKEN:::::0.0019969940185546875
DEBUG:root:WIRE NUMBER:::: 44 OUT OF 100
DEBUG:root:PIN::::::[(9, 46, 138), (8, 117, 72), 'HIGH_SPEED_DATA', ('pin_out_44', 'pin_in_44'), '1w2s']
DEBUG:root:A-STAR START::::: (9, 46, 138)(8, 117, 72) MAX LAYER::9 MIN LAYER::8
DEBUG:root:TIME TAKEN:::::0.03336477279663086
DEBUG:root:WIRE NUMBER:::: 45 OUT OF 100
DEBUG:root:PIN::::::[(11, 21, 40), (11, 119, 174), 'FAST_CLOCK', ('pin_out_45', 'pin_in_45'), '1w2s_shield']
DEBUG:root:A-STAR START::::: (11, 21, 40)(11, 119, 174) MAX LAYER::11 MIN LAYER::10
DEBUG:root:TIME TAKEN:::::0.15242981910705566
DEBUG:root:WIRE NUMBER:::: 46 OUT OF 100
DEBUG:root:PIN::::::[(7, 102, 60), (7, 113, 93), 'CLOCK', ('pin_out_46', 'pin_in_46'), 'default']
DEBUG:root:A-STAR START::::: (7, 102, 60)(7, 113, 93) MAX LAYER::9 MIN LAYER::7
DEBUG:root:TIME TAKEN:::::0.004779815673828125
DEBUG:root:WIRE NUMBER:::: 47 OUT OF 100
DEBUG:root:PIN::::::[(9, 38, 159), (9, 108, 26), 'HIGH_SPEED_DATA', ('pin_out_47', 'pin_in_47'), '1w2s']
DEBUG:root:A-STAR START::::: (9, 38, 159)(9, 108, 26) MAX LAYER::9 MIN LAYER::8
DEBUG:root:TIME TAKEN:::::0.17789268493652344
DEBUG:root:WIRE NUMBER:::: 48 OUT OF 100
DEBUG:root:PIN::::::[(10, 0, 46), (10, 102, 30), 'FAST_CLOCK', ('pin_out_48', 'pin_in_48'), '1w2s_shield']
DEBUG:root:A-STAR START::::: (10, 0, 46)(10, 102, 30) MAX LAYER::11 MIN LAYER::10
DEBUG:root:TIME TAKEN:::::0.013092756271362305
DEBUG:root:WIRE NUMBER:::: 49 OUT OF 100
DEBUG:root:PIN::::::[(9, 146, 178), (8, 169, 7), 'HIGH_SPEED_DATA', ('pin_out_49', 'pin_in_49'), '1w2s']
DEBUG:root:A-STAR START::::: (9, 146, 178)(8, 169, 7) MAX LAYER::9 MIN LAYER::8
DEBUG:root:TIME TAKEN:::::0.05387067794799805
DEBUG:root:WIRE NUMBER:::: 50 OUT OF 100
DEBUG:root:PIN::::::[(7, 25, 106), (8, 86, 1), 'CLOCK', ('pin_out_50', 'pin_in_50'), 'default']
DEBUG:root:A-STAR START::::: (7, 25, 106)(8, 86, 1) MAX LAYER::9 MIN LAYER::7
DEBUG:root:TIME TAKEN:::::0.10670709609985352
DEBUG:root:WIRE NUMBER:::: 51 OUT OF 100
DEBUG:root:PIN::::::[(6, 119, 142), (7, 69, 190), 'DATA', ('pin_out_51', 'pin_in_51'), 'default']
DEBUG:root:A-STAR START::::: (6, 119, 142)(7, 69, 190) MAX LAYER::8 MIN LAYER::6
DEBUG:root:TIME TAKEN:::::0.0
DEBUG:root:WIRE NUMBER:::: 52 OUT OF 100
DEBUG:root:PIN::::::[(8, 146, 35), (7, 4, 55), 'DATA', ('pin_out_52', 'pin_in_52'), 'default']
DEBUG:root:A-STAR START::::: (8, 146, 35)(7, 4, 55) MAX LAYER::8 MIN LAYER::6
DEBUG:root:TIME TAKEN:::::0.022023677825927734
DEBUG:root:WIRE NUMBER:::: 53 OUT OF 100
DEBUG:root:PIN::::::[(8, 73, 135), (9, 180, 157), 'HIGH_SPEED_DATA', ('pin_out_53', 'pin_in_53'), '1w2s']
DEBUG:root:A-STAR START::::: (8, 73, 135)(9, 180, 157) MAX LAYER::9 MIN LAYER::8
DEBUG:root:TIME TAKEN:::::0.020323514938354492
DEBUG:root:WIRE NUMBER:::: 54 OUT OF 100
DEBUG:root:PIN::::::[(7, 17, 9), (8, 125, 118), 'DATA', ('pin_out_54', 'pin_in_54'), 'default']
DEBUG:root:A-STAR START::::: (7, 17, 9)(8, 125, 118) MAX LAYER::8 MIN LAYER::6
DEBUG:root:TIME TAKEN:::::0.1034698486328125
DEBUG:root:WIRE NUMBER:::: 55 OUT OF 100
DEBUG:root:PIN::::::[(6, 129, 55), (8, 160, 67), 'DATA', ('pin_out_55', 'pin_in_55'), 'default']
DEBUG:root:A-STAR START::::: (6, 129, 55)(8, 160, 67) MAX LAYER::8 MIN LAYER::6
DEBUG:root:TIME TAKEN:::::0.002997875213623047
DEBUG:root:WIRE NUMBER:::: 56 OUT OF 100
DEBUG:root:PIN::::::[(8, 146, 182), (8, 31, 56), 'HIGH_SPEED_DATA', ('pin_out_56', 'pin_in_56'), '1w2s']
DEBUG:root:A-STAR START::::: (8, 146, 182)(8, 31, 56) MAX LAYER::9 MIN LAYER::8
DEBUG:root:TIME TAKEN:::::0.002035379409790039
DEBUG:root:WIRE NUMBER:::: 57 OUT OF 100
DEBUG:root:PIN::::::[(9, 19, 35), (9, 7, 68), 'HIGH_SPEED_DATA', ('pin_out_57', 'pin_in_57'), '1w2s']
DEBUG:root:A-STAR START::::: (9, 19, 35)(9, 7, 68) MAX LAYER::9 MIN LAYER::8
DEBUG:root:TIME TAKEN:::::0.0009999275207519531
DEBUG:root:WIRE NUMBER:::: 58 OUT OF 100
DEBUG:root:PIN::::::[(8, 139, 118), (9, 29, 39), 'HIGH_SPEED_DATA', ('pin_out_58', 'pin_in_58'), '1w2s']
DEBUG:root:A-STAR START::::: (8, 139, 118)(9, 29, 39) MAX LAYER::9 MIN LAYER::8
DEBUG:root:TIME TAKEN:::::0.0015857219696044922
DEBUG:root:WIRE NUMBER:::: 59 OUT OF 100
DEBUG:root:PIN::::::[(8, 138, 2), (9, 165, 122), 'HIGH_SPEED_DATA', ('pin_out_59', 'pin_in_59'), '1w2s']
DEBUG:root:A-STAR START::::: (8, 138, 2)(9, 165, 122) MAX LAYER::9 MIN LAYER::8
DEBUG:root:TIME TAKEN:::::0.045578956604003906
DEBUG:root:WIRE NUMBER:::: 60 OUT OF 100
DEBUG:root:PIN::::::[(8, 52, 85), (8, 78, 30), 'HIGH_SPEED_DATA', ('pin_out_60', 'pin_in_60'), '1w2s']
DEBUG:root:A-STAR START::::: (8, 52, 85)(8, 78, 30) MAX LAYER::9 MIN LAYER::8
DEBUG:root:TIME TAKEN:::::0.021262407302856445
DEBUG:root:WIRE NUMBER:::: 61 OUT OF 100
DEBUG:root:PIN::::::[(7, 164, 138), (9, 159, 108), 'CLOCK', ('pin_out_61', 'pin_in_61'), 'default']
DEBUG:root:A-STAR START::::: (7, 164, 138)(9, 159, 108) MAX LAYER::9 MIN LAYER::7
DEBUG:root:TIME TAKEN:::::0.002295255661010742
DEBUG:root:WIRE NUMBER:::: 62 OUT OF 100
DEBUG:root:PIN::::::[(9, 142, 118), (8, 113, 150), 'CLOCK', ('pin_out_62', 'pin_in_62'), 'default']
DEBUG:root:A-STAR START::::: (9, 142, 118)(8, 113, 150) MAX LAYER::9 MIN LAYER::7
DEBUG:root:TIME TAKEN:::::0.026262760162353516
DEBUG:root:WIRE NUMBER:::: 63 OUT OF 100
DEBUG:root:PIN::::::[(9, 149, 27), (9, 11, 166), 'HIGH_SPEED_DATA', ('pin_out_63', 'pin_in_63'), '1w2s']
DEBUG:root:A-STAR START::::: (9, 149, 27)(9, 11, 166) MAX LAYER::9 MIN LAYER::8
DEBUG:root:TIME TAKEN:::::0.29376983642578125
DEBUG:root:WIRE NUMBER:::: 64 OUT OF 100
DEBUG:root:PIN::::::[(9, 73, 183), (9, 65, 24), 'HIGH_SPEED_DATA', ('pin_out_64', 'pin_in_64'), '1w2s']
DEBUG:root:A-STAR START::::: (9, 73, 183)(9, 65, 24) MAX LAYER::9 MIN LAYER::8
DEBUG:root:TIME TAKEN:::::0.006589651107788086
DEBUG:root:WIRE NUMBER:::: 65 OUT OF 100
DEBUG:root:PIN::::::[(9, 89, 124), (9, 99, 163), 'HIGH_SPEED_DATA', ('pin_out_65', 'pin_in_65'), '1w2s']
DEBUG:root:A-STAR START::::: (9, 89, 124)(9, 99, 163) MAX LAYER::9 MIN LAYER::8
DEBUG:root:TIME TAKEN:::::0.003285646438598633
DEBUG:root:WIRE NUMBER:::: 66 OUT OF 100
DEBUG:root:PIN::::::[(8, 137, 106), (8, 35, 61), 'HIGH_SPEED_DATA', ('pin_out_66', 'pin_in_66'), '1w2s']
DEBUG:root:A-STAR START::::: (8, 137, 106)(8, 35, 61) MAX LAYER::9 MIN LAYER::8
DEBUG:root:TIME TAKEN:::::0.0010340213775634766
DEBUG:root:WIRE NUMBER:::: 67 OUT OF 100
DEBUG:root:PIN::::::[(11, 14, 0), (10, 118, 158), 'FAST_CLOCK', ('pin_out_67', 'pin_in_67'), '1w2s_shield']
DEBUG:root:A-STAR START::::: (11, 14, 0)(10, 118, 158) MAX LAYER::11 MIN LAYER::10
DEBUG:root:TIME TAKEN:::::0.17887401580810547
DEBUG:root:WIRE NUMBER:::: 68 OUT OF 100
DEBUG:root:PIN::::::[(6, 93, 118), (8, 66, 88), 'DATA', ('pin_out_68', 'pin_in_68'), 'default']
DEBUG:root:A-STAR START::::: (6, 93, 118)(8, 66, 88) MAX LAYER::8 MIN LAYER::6
DEBUG:root:TIME TAKEN:::::0.004403829574584961
DEBUG:root:WIRE NUMBER:::: 69 OUT OF 100
DEBUG:root:PIN::::::[(8, 85, 130), (7, 107, 60), 'CLOCK', ('pin_out_69', 'pin_in_69'), 'default']
DEBUG:root:A-STAR START::::: (8, 85, 130)(7, 107, 60) MAX LAYER::9 MIN LAYER::7
DEBUG:root:TIME TAKEN:::::0.010762929916381836
DEBUG:root:WIRE NUMBER:::: 70 OUT OF 100
DEBUG:root:PIN::::::[(6, 122, 16), (7, 178, 95), 'DATA', ('pin_out_70', 'pin_in_70'), 'default']
DEBUG:root:A-STAR START::::: (6, 122, 16)(7, 178, 95) MAX LAYER::8 MIN LAYER::6
DEBUG:root:TIME TAKEN:::::0.11295199394226074
DEBUG:root:WIRE NUMBER:::: 71 OUT OF 100
DEBUG:root:PIN::::::[(8, 79, 143), (9, 41, 17), 'CLOCK', ('pin_out_71', 'pin_in_71'), 'default']
DEBUG:root:A-STAR START::::: (8, 79, 143)(9, 41, 17) MAX LAYER::9 MIN LAYER::7
DEBUG:root:TIME TAKEN:::::0.000982046127319336
DEBUG:root:WIRE NUMBER:::: 72 OUT OF 100
DEBUG:root:PIN::::::[(6, 13, 27), (8, 9, 114), 'DATA', ('pin_out_72', 'pin_in_72'), 'default']
DEBUG:root:A-STAR START::::: (6, 13, 27)(8, 9, 114) MAX LAYER::8 MIN LAYER::6
DEBUG:root:TIME TAKEN:::::0.0019774436950683594
DEBUG:root:WIRE NUMBER:::: 73 OUT OF 100
DEBUG:root:PIN::::::[(8, 146, 77), (8, 78, 154), 'CLOCK', ('pin_out_73', 'pin_in_73'), 'default']
DEBUG:root:A-STAR START::::: (8, 146, 77)(8, 78, 154) MAX LAYER::9 MIN LAYER::7
DEBUG:root:TIME TAKEN:::::0.04495692253112793
DEBUG:root:WIRE NUMBER:::: 74 OUT OF 100
DEBUG:root:PIN::::::[(7, 114, 108), (8, 85, 106), 'DATA', ('pin_out_74', 'pin_in_74'), 'default']
DEBUG:root:A-STAR START::::: (7, 114, 108)(8, 85, 106) MAX LAYER::8 MIN LAYER::6
DEBUG:root:TIME TAKEN:::::0.0
DEBUG:root:WIRE NUMBER:::: 75 OUT OF 100
DEBUG:root:PIN::::::[(8, 33, 25), (7, 144, 102), 'DATA', ('pin_out_75', 'pin_in_75'), 'default']
DEBUG:root:A-STAR START::::: (8, 33, 25)(7, 144, 102) MAX LAYER::8 MIN LAYER::6
DEBUG:root:TIME TAKEN:::::0.12220525741577148
DEBUG:root:WIRE NUMBER:::: 76 OUT OF 100
DEBUG:root:PIN::::::[(9, 98, 123), (9, 139, 85), 'CLOCK', ('pin_out_76', 'pin_in_76'), 'default']
DEBUG:root:A-STAR START::::: (9, 98, 123)(9, 139, 85) MAX LAYER::9 MIN LAYER::7
DEBUG:root:TIME TAKEN:::::0.019794225692749023
DEBUG:root:WIRE NUMBER:::: 77 OUT OF 100
DEBUG:root:PIN::::::[(7, 40, 146), (8, 23, 63), 'DATA', ('pin_out_77', 'pin_in_77'), 'default']
DEBUG:root:A-STAR START::::: (7, 40, 146)(8, 23, 63) MAX LAYER::8 MIN LAYER::6
DEBUG:root:TIME TAKEN:::::0.0010364055633544922
DEBUG:root:WIRE NUMBER:::: 78 OUT OF 100
DEBUG:root:PIN::::::[(8, 177, 89), (9, 12, 60), 'HIGH_SPEED_DATA', ('pin_out_78', 'pin_in_78'), '1w2s']
DEBUG:root:A-STAR START::::: (8, 177, 89)(9, 12, 60) MAX LAYER::9 MIN LAYER::8
DEBUG:root:TIME TAKEN:::::0.0010352134704589844
DEBUG:root:WIRE NUMBER:::: 79 OUT OF 100
DEBUG:root:PIN::::::[(9, 163, 28), (8, 16, 3), 'CLOCK', ('pin_out_79', 'pin_in_79'), 'default']
DEBUG:root:A-STAR START::::: (9, 163, 28)(8, 16, 3) MAX LAYER::9 MIN LAYER::7
DEBUG:root:TIME TAKEN:::::0.06020188331604004
DEBUG:root:WIRE NUMBER:::: 80 OUT OF 100
DEBUG:root:PIN::::::[(11, 84, 129), (11, 122, 63), 'FAST_CLOCK', ('pin_out_80', 'pin_in_80'), '1w2s_shield']
DEBUG:root:A-STAR START::::: (11, 84, 129)(11, 122, 63) MAX LAYER::11 MIN LAYER::10
DEBUG:root:TIME TAKEN:::::0.058745384216308594
DEBUG:root:WIRE NUMBER:::: 81 OUT OF 100
DEBUG:root:PIN::::::[(9, 145, 142), (9, 15, 21), 'CLOCK', ('pin_out_81', 'pin_in_81'), 'default']
DEBUG:root:A-STAR START::::: (9, 145, 142)(9, 15, 21) MAX LAYER::9 MIN LAYER::7
DEBUG:root:TIME TAKEN:::::0.21820998191833496
DEBUG:root:WIRE NUMBER:::: 82 OUT OF 100
DEBUG:root:PIN::::::[(7, 92, 98), (9, 147, 48), 'CLOCK', ('pin_out_82', 'pin_in_82'), 'default']
DEBUG:root:A-STAR START::::: (7, 92, 98)(9, 147, 48) MAX LAYER::9 MIN LAYER::7
DEBUG:root:TIME TAKEN:::::0.0448298454284668
DEBUG:root:WIRE NUMBER:::: 83 OUT OF 100
DEBUG:root:PIN::::::[(11, 22, 60), (11, 95, 176), 'FAST_CLOCK', ('pin_out_83', 'pin_in_83'), '1w2s_shield']
DEBUG:root:A-STAR START::::: (11, 22, 60)(11, 95, 176) MAX LAYER::11 MIN LAYER::10
DEBUG:root:TIME TAKEN:::::0.19054365158081055
DEBUG:root:WIRE NUMBER:::: 84 OUT OF 100
DEBUG:root:PIN::::::[(8, 153, 77), (9, 0, 61), 'CLOCK', ('pin_out_84', 'pin_in_84'), 'default']
DEBUG:root:A-STAR START::::: (8, 153, 77)(9, 0, 61) MAX LAYER::9 MIN LAYER::7
DEBUG:root:TIME TAKEN:::::0.003858327865600586
DEBUG:root:WIRE NUMBER:::: 85 OUT OF 100
DEBUG:root:PIN::::::[(7, 37, 43), (9, 80, 14), 'CLOCK', ('pin_out_85', 'pin_in_85'), 'default']
DEBUG:root:A-STAR START::::: (7, 37, 43)(9, 80, 14) MAX LAYER::9 MIN LAYER::7
DEBUG:root:TIME TAKEN:::::0.056153297424316406
DEBUG:root:WIRE NUMBER:::: 86 OUT OF 100
DEBUG:root:PIN::::::[(10, 112, 66), (10, 182, 133), 'FAST_CLOCK', ('pin_out_86', 'pin_in_86'), '1w2s_shield']
DEBUG:root:A-STAR START::::: (10, 112, 66)(10, 182, 133) MAX LAYER::11 MIN LAYER::10
DEBUG:root:TIME TAKEN:::::0.11963891983032227
DEBUG:root:WIRE NUMBER:::: 87 OUT OF 100
DEBUG:root:PIN::::::[(6, 26, 146), (7, 10, 78), 'DATA', ('pin_out_87', 'pin_in_87'), 'default']
DEBUG:root:A-STAR START::::: (6, 26, 146)(7, 10, 78) MAX LAYER::8 MIN LAYER::6
DEBUG:root:TIME TAKEN:::::0.0010006427764892578
DEBUG:root:WIRE NUMBER:::: 88 OUT OF 100
DEBUG:root:PIN::::::[(11, 54, 9), (11, 124, 95), 'FAST_CLOCK', ('pin_out_88', 'pin_in_88'), '1w2s_shield']
DEBUG:root:A-STAR START::::: (11, 54, 9)(11, 124, 95) MAX LAYER::11 MIN LAYER::10
DEBUG:root:TIME TAKEN:::::0.14669227600097656
DEBUG:root:WIRE NUMBER:::: 89 OUT OF 100
DEBUG:root:PIN::::::[(7, 172, 14), (8, 94, 28), 'DATA', ('pin_out_89', 'pin_in_89'), 'default']
DEBUG:root:A-STAR START::::: (7, 172, 14)(8, 94, 28) MAX LAYER::8 MIN LAYER::6
DEBUG:root:TIME TAKEN:::::0.0037708282470703125
DEBUG:root:WIRE NUMBER:::: 90 OUT OF 100
DEBUG:root:PIN::::::[(9, 56, 149), (9, 15, 4), 'HIGH_SPEED_DATA', ('pin_out_90', 'pin_in_90'), '1w2s']
DEBUG:root:A-STAR START::::: (9, 56, 149)(9, 15, 4) MAX LAYER::9 MIN LAYER::8
DEBUG:root:TIME TAKEN:::::0.060187339782714844
DEBUG:root:WIRE NUMBER:::: 91 OUT OF 100
DEBUG:root:PIN::::::[(9, 37, 117), (9, 39, 43), 'HIGH_SPEED_DATA', ('pin_out_91', 'pin_in_91'), '1w2s']
DEBUG:root:A-STAR START::::: (9, 37, 117)(9, 39, 43) MAX LAYER::9 MIN LAYER::8
DEBUG:root:TIME TAKEN:::::0.002043008804321289
DEBUG:root:WIRE NUMBER:::: 92 OUT OF 100
DEBUG:root:PIN::::::[(9, 59, 163), (9, 136, 19), 'HIGH_SPEED_DATA', ('pin_out_92', 'pin_in_92'), '1w2s']
DEBUG:root:A-STAR START::::: (9, 59, 163)(9, 136, 19) MAX LAYER::9 MIN LAYER::8
DEBUG:root:TIME TAKEN:::::0.14351391792297363
DEBUG:root:WIRE NUMBER:::: 93 OUT OF 100
DEBUG:root:PIN::::::[(7, 177, 79), (9, 58, 38), 'CLOCK', ('pin_out_93', 'pin_in_93'), 'default']
DEBUG:root:A-STAR START::::: (7, 177, 79)(9, 58, 38) MAX LAYER::9 MIN LAYER::7
DEBUG:root:TIME TAKEN:::::0.10277986526489258
DEBUG:root:WIRE NUMBER:::: 94 OUT OF 100
DEBUG:root:PIN::::::[(11, 128, 128), (11, 160, 61), 'FAST_CLOCK', ('pin_out_94', 'pin_in_94'), '1w2s_shield']
DEBUG:root:A-STAR START::::: (11, 128, 128)(11, 160, 61) MAX LAYER::11 MIN LAYER::10
DEBUG:root:TIME TAKEN:::::0.0455937385559082
DEBUG:root:WIRE NUMBER:::: 95 OUT OF 100
DEBUG:root:PIN::::::[(10, 68, 54), (10, 133, 53), 'FAST_CLOCK', ('pin_out_95', 'pin_in_95'), '1w2s_shield']
DEBUG:root:A-STAR START::::: (10, 68, 54)(10, 133, 53) MAX LAYER::11 MIN LAYER::10
DEBUG:root:TIME TAKEN:::::0.0010046958923339844
DEBUG:root:WIRE NUMBER:::: 96 OUT OF 100
DEBUG:root:PIN::::::[(11, 73, 168), (11, 166, 21), 'FAST_CLOCK', ('pin_out_96', 'pin_in_96'), '1w2s_shield']
DEBUG:root:A-STAR START::::: (11, 73, 168)(11, 166, 21) MAX LAYER::11 MIN LAYER::10
DEBUG:root:TIME TAKEN:::::0.19222450256347656
DEBUG:root:WIRE NUMBER:::: 97 OUT OF 100
DEBUG:root:PIN::::::[(6, 159, 80), (7, 10, 121), 'DATA', ('pin_out_97', 'pin_in_97'), 'default']
DEBUG:root:A-STAR START::::: (6, 159, 80)(7, 10, 121) MAX LAYER::8 MIN LAYER::6
DEBUG:root:TIME TAKEN:::::0.001001119613647461
DEBUG:root:WIRE NUMBER:::: 98 OUT OF 100
DEBUG:root:PIN::::::[(9, 102, 24), (9, 105, 38), 'HIGH_SPEED_DATA', ('pin_out_98', 'pin_in_98'), '1w2s']
DEBUG:root:A-STAR START::::: (9, 102, 24)(9, 105, 38) MAX LAYER::9 MIN LAYER::8
DEBUG:root:TIME TAKEN:::::0.0
DEBUG:root:WIRE NUMBER:::: 99 OUT OF 100
DEBUG:root:PIN::::::[(8, 24, 108), (9, 128, 145), 'HIGH_SPEED_DATA', ('pin_out_99', 'pin_in_99'), '1w2s']
DEBUG:root:A-STAR START::::: (8, 24, 108)(9, 128, 145) MAX LAYER::9 MIN LAYER::8
DEBUG:root:TIME TAKEN:::::0.02471160888671875
DEBUG:root:WIRE NUMBER:::: 100 OUT OF 100
DEBUG:root:PIN::::::[(8, 73, 110), (8, 78, 33), 'CLOCK', ('pin_out_100', 'pin_in_100'), 'default']
DEBUG:root:A-STAR START::::: (8, 73, 110)(8, 78, 33) MAX LAYER::9 MIN LAYER::7
DEBUG:root:TIME TAKEN:::::0.0030350685119628906
